<?xml version="1.0" encoding="UTF-8"?>
<testng-results total="0" passed="0" failed="0" skipped="0">
  <reporter-output>
  </reporter-output>
  <suite started-at="2021-05-26T05:08:32Z" name="Suite" finished-at="2021-05-26T05:08:32Z" duration-ms="35">
    <groups>
    </groups>
    <test started-at="2021-05-26T05:08:32Z" name="Test" finished-at="2021-05-26T05:08:32Z" duration-ms="35">
      <class name="Test.LoginTest">
        <test-method is-config="true" signature="initialize()[pri:0, instance:Test.LoginTest@5a45133e]" started-at="2021-05-26T10:38:21Z" name="initialize" finished-at="2021-05-26T10:38:32Z" duration-ms="11065" status="PASS">
          <reporter-output>
          </reporter-output>
        </test-method> <!-- initialize -->
      </class> <!-- Test.LoginTest -->
    </test> <!-- Test -->
  </suite> <!-- Suite -->
</testng-results>
